[13:29:18] [main/INFO]: Loading Minecraft 26.1.2 with Fabric Loader 0.19.2
[13:29:18] [main/INFO]: Mappings not present!
[13:29:19] [main/WARN]: Warnings were found!
 - Mod 'Debugify' (debugify) 26.1.2.2 recommends any version of yet_another_config_lib_v3, which is missing!
	 - You should install any version of yet_another_config_lib_v3 for the optimal experience.
 - Mod 'Debugify' (debugify) 26.1.2.2 recommends any version of modmenu, which is missing!
	 - You should install any version of modmenu for the optimal experience.
[13:29:19] [main/INFO]: Loading 96 mods:
	- autonomous-minecarts 1.1.10+26.1.2
	   |-- com_fasterxml_jackson_core_jackson-annotations 2.19.4
	   |-- com_fasterxml_jackson_core_jackson-core 2.19.4
	   |-- com_fasterxml_jackson_core_jackson-databind 2.19.4
	   \-- com_fasterxml_jackson_module_jackson-module-kotlin 2.19.4
	- c2me 0.3.7+alpha.0.67+26.1.2
	   |-- c2me-base 0.3.7+alpha.0.67+26.1.2
	   |-- c2me-client-uncapvd 0.3.7+alpha.0.67+26.1.2
	   |-- c2me-fixes-chunkio-threading-issues 0.3.7+alpha.0.67+26.1.2
	   |-- c2me-fixes-general-threading-issues 0.3.7+alpha.0.67+26.1.2
	   |-- c2me-fixes-worldgen-threading-issues 0.3.7+alpha.0.67+26.1.2
	   |-- c2me-fixes-worldgen-vanilla-bugs 0.3.7+alpha.0.67+26.1.2
	   |-- c2me-notickvd 0.3.7+alpha.0.67+26.1.2
	   |-- c2me-opts-allocs 0.3.7+alpha.0.67+26.1.2
	   |-- c2me-opts-chunkio 0.3.7+alpha.0.67+26.1.2
	   |-- c2me-opts-dfc 0.3.7+alpha.0.67+26.1.2
	   |-- c2me-opts-math 0.3.7+alpha.0.67+26.1.2
	   |-- c2me-opts-natives-math 0.3.7+alpha.0.67+26.1.2
	   |-- c2me-opts-scheduling 0.3.7+alpha.0.67+26.1.2
	   |-- c2me-opts-worldgen-general 0.3.7+alpha.0.67+26.1.2
	   |-- c2me-opts-worldgen-vanilla 0.3.7+alpha.0.67+26.1.2
	   |-- c2me-rewrites-chunk-serializer 0.3.7+alpha.0.67+26.1.2
	   |-- c2me-rewrites-chunk-system 0.3.7+alpha.0.67+26.1.2
	   |-- c2me-rewrites-chunkio 0.3.7+alpha.0.67+26.1.2
	   |-- c2me-server-utils 0.3.7+alpha.0.67+26.1.2
	   |-- c2me-threading-lighting 0.3.7+alpha.0.67+26.1.2
	   |-- com_electronwill_night-config_core 3.6.5
	   |-- com_electronwill_night-config_toml 3.6.5
	   |-- com_ibm_async_asyncutil 0.1.0
	   |-- io_reactivex_rxjava3_rxjava 3.1.12
	   |-- mixinsquared 0.3.7-beta.1
	   |-- net_objecthunter_exp4j 0.4.8
	   |-- org_jctools_jctools-core 4.0.5
	   \-- org_reactivestreams_reactive-streams 1.0.4
	- chunky 1.4.58
	- debugify 26.1.2.2
	- fabric-api 0.146.1+26.1.2
	   |-- fabric-api-base 2.0.3+ece063234c
	   |-- fabric-api-lookup-api-v1 2.0.10+d5a053b64c
	   |-- fabric-biome-api-v1 18.0.4+35c80edc4c
	   |-- fabric-block-api-v1 3.0.2+ec56b6014c
	   |-- fabric-block-getter-api-v2 2.0.6+ec56b6014c
	   |-- fabric-command-api-v2 3.0.5+e2bdee784c
	   |-- fabric-content-registries-v0 11.0.12+d871b99e4c
	   |-- fabric-convention-tags-v2 4.4.0+f006eade4c
	   |-- fabric-crash-report-info-v1 1.0.3+9f78a5a84c
	   |-- fabric-creative-tab-api-v1 5.0.10+d871b99e4c
	   |-- fabric-data-attachment-api-v1 2.2.4+d602a8964c
	   |-- fabric-data-generation-api-v1 24.0.18+35c80edc4c
	   |-- fabric-debug-api-v1 1.0.1+c792624d4c
	   |-- fabric-dimensions-v1 5.1.4+9cbf5da54c
	   |-- fabric-entity-events-v1 5.0.2+e2bdee784c
	   |-- fabric-events-interaction-v0 5.1.10+c82f04614c
	   |-- fabric-game-rule-api-v1 4.0.5+d871b99e4c
	   |-- fabric-item-api-v1 14.1.0+9833182c4c
	   |-- fabric-key-mapping-api-v1 2.0.4+e2bdee784c
	   |-- fabric-lifecycle-events-v1 4.0.6+a9b9c1764c
	   |-- fabric-loot-api-v3 3.0.11+00a1fba64c
	   |-- fabric-menu-api-v1 2.0.12+d871b99e4c
	   |-- fabric-message-api-v1 7.0.5+dae8ce3e4c
	   |-- fabric-model-loading-api-v1 8.0.4+c80601bb4c
	   |-- fabric-networking-api-v1 6.3.0+50a808ce4c
	   |-- fabric-object-builder-api-v1 23.0.14+b95dd56e4c
	   |-- fabric-particles-v1 5.0.14+b61fef434c
	   |-- fabric-recipe-api-v1 9.0.13+be4b75ae4c
	   |-- fabric-registry-sync-v0 7.0.12+b61fef434c
	   |-- fabric-renderer-api-v1 13.0.1+c80601bb4c
	   |-- fabric-renderer-indigo 8.0.3+a6be36ef4c
	   |-- fabric-rendering-fluids-v1 6.0.1+d871b99e4c
	   |-- fabric-rendering-v1 23.0.5+08c26e364c
	   |-- fabric-resource-conditions-api-v1 6.0.5+00a1fba64c
	   |-- fabric-resource-loader-v0 3.3.16+4fc5413f4c
	   |-- fabric-resource-loader-v1 2.0.9+d871b99e4c
	   |-- fabric-screen-api-v1 5.0.1+d871b99e4c
	   |-- fabric-serialization-api-v1 2.0.3+11a26f314c
	   |-- fabric-sound-api-v1 2.0.4+11a26f314c
	   |-- fabric-tag-api-v1 2.0.9+11a26f314c
	   |-- fabric-transfer-api-v1 8.0.4+357ea7334c
	   \-- fabric-transitive-access-wideners-v1 8.0.11+d871b99e4c
	- fabric-language-kotlin 1.13.11+kotlin.2.3.21
	   |-- org_jetbrains_kotlin_kotlin-reflect 2.3.21
	   |-- org_jetbrains_kotlin_kotlin-stdlib 2.3.21
	   |-- org_jetbrains_kotlin_kotlin-stdlib-jdk7 2.3.21
	   |-- org_jetbrains_kotlin_kotlin-stdlib-jdk8 2.3.21
	   |-- org_jetbrains_kotlinx_atomicfu-jvm 0.32.1
	   |-- org_jetbrains_kotlinx_kotlinx-coroutines-core-jvm 1.10.2
	   |-- org_jetbrains_kotlinx_kotlinx-coroutines-jdk8 1.10.2
	   |-- org_jetbrains_kotlinx_kotlinx-datetime-jvm 0.7.1
	   |-- org_jetbrains_kotlinx_kotlinx-io-bytestring-jvm 0.9.0
	   |-- org_jetbrains_kotlinx_kotlinx-io-core-jvm 0.9.0
	   |-- org_jetbrains_kotlinx_kotlinx-serialization-cbor-jvm 1.11.0
	   |-- org_jetbrains_kotlinx_kotlinx-serialization-core-jvm 1.11.0
	   \-- org_jetbrains_kotlinx_kotlinx-serialization-json-jvm 1.11.0
	- fabricloader 0.19.2
	   \-- mixinextras 0.5.4
	- ferritecore 9.0.0
	- java 25
	- krypton 0.3.0
	   \-- com_velocitypowered_velocity-native 3.4.0-SNAPSHOT
	- lithium 0.24.2+mc26.1.2
	- minecraft 26.1.2
	- nochatreports 26.1-v2.19.0
	- packetfixer 3.3.5
	- shulkerboxtooltip 5.2.18+26.1
[13:29:21] [main/INFO]: SpongePowered MIXIN Subsystem Version=0.8.7 Source=file:/workspaces/26.1.2-vanilla/server/libraries/net/fabricmc/sponge-mixin/0.17.2+mixin.0.8.7/sponge-mixin-0.17.2+mixin.0.8.7.jar Service=Knot/Fabric Env=SERVER
[13:29:21] [main/INFO]: Compatibility level set to JAVA_16
[13:29:22] [main/INFO]: Compatibility level set to JAVA_17
[13:29:22] [main/INFO]: Compatibility level set to JAVA_25
[13:29:22] [main/INFO]: Initializing com.ishland.c2me.base.mixin
[13:29:22] [main/INFO]: Global Executor Parallelism: 3 configured, 3 evaluated, 3 default evaluated
[13:29:22] [main/INFO]: Initializing com.ishland.c2me.fixes.chunkio.threading_issues.mixin
[13:29:22] [main/INFO]: Initializing com.ishland.c2me.fixes.general.threading_issues.mixin
[13:29:22] [main/INFO]: Initializing com.ishland.c2me.fixes.worldgen.threading_issues.mixin
[13:29:22] [main/INFO]: Initializing com.ishland.c2me.fixes.worldgen.vanilla_bugs.mixin
[13:29:22] [main/INFO]: Initializing com.ishland.c2me.notickvd.mixin
[13:29:22] [main/INFO]: Initializing com.ishland.c2me.opts.allocs.mixin
[13:29:22] [main/INFO]: Initializing com.ishland.c2me.opts.chunkio.mixin
[13:29:22] [main/INFO]: Initializing com.ishland.c2me.opts.dfc.mixin
[13:29:22] [main/INFO]: Initializing com.ishland.c2me.opts.math.mixin
[13:29:22] [main/INFO]: Initializing com.ishland.c2me.opts.natives_math.mixin
[13:29:22] [main/INFO]: Attempting to call native library. If your game crashes right after this point, native acceleration may not be available for your system.
[13:29:22] [main/INFO]: Detected maximum supported ISA target: AVX2
[13:29:22] [main/INFO]: Initializing com.ishland.c2me.opts.scheduling.mixin
[13:29:22] [main/INFO]: Initializing com.ishland.c2me.opts.worldgen.general.mixin
[13:29:22] [main/INFO]: Initializing com.ishland.c2me.opts.worldgen.vanilla.mixin
[13:29:22] [main/INFO]: Initializing com.ishland.c2me.rewrites.chunk_serializer.mixin
[13:29:22] [main/INFO]: Disabling com.ishland.c2me.rewrites.chunk_serializer.mixin
[13:29:22] [main/INFO]: Initializing com.ishland.c2me.rewrites.chunksystem.mixin
[13:29:22] [main/INFO]: Initializing com.ishland.c2me.rewrites.chunkio.mixin
[13:29:22] [main/INFO]: Initializing com.ishland.c2me.server.utils.mixin
[13:29:22] [main/INFO]: Initializing com.ishland.c2me.threading.lighting.mixin
[13:29:22] [main/INFO]: Loaded configuration file for Lithium: 168 options available, 0 override(s) found.
[13:29:22] [main/WARN]: Reference map 'nochatreports.refmap.json' for mixins/common/nochatreports.mixins.json could not be read. If this is a development environment you can ignore this message
[13:29:23] [main/WARN]: Error loading class: ca/spottedleaf/starlight/common/thread/SchedulingUtil (java.lang.ClassNotFoundException: ca/spottedleaf/starlight/common/thread/SchedulingUtil)
[13:29:23] [main/INFO]: Initializing MixinExtras via com.llamalad7.mixinextras.service.MixinExtrasServiceImpl(version=0.5.4).
[13:29:33] [main/INFO]: Loading configuration: ./config/autonomous-minecarts.properties
[13:29:33] [main/INFO]: Enabled 58 bug fixes: [MC-7569, MC-8187, MC-30391, MC-44654, MC-82263, MC-84661, MC-88371, MC-89146, MC-93018, MC-94054, MC-100991, MC-119754, MC-121706, MC-121903, MC-123450, MC-129909, MC-131562, MC-132878, MC-133218, MC-134110, MC-136249, MC-139041, MC-147659, MC-153010, MC-155509, MC-158900, MC-159283, MC-160095, MC-168573, MC-170462, MC-176806, MC-177381, MC-179072, MC-183990, MC-187100, MC-200418, MC-201374, MC-202637, MC-206922, MC-215530, MC-221257, MC-223153, MC-224729, MC-226961, MC-227008, MC-227337, MC-231743, MC-232869, MC-245394, MC-263999, MC-264285, MC-264979, MC-267125, MC-268617, MC-271899, MC-272431, MC-297837, MC-298066]
[13:29:33] [main/INFO]: Successfully Debugify'd your game!
[13:29:33] [main/INFO]: Compression will use libdeflate (Linux x86_64), encryption will use OpenSSL 3.x.x (Linux x86_64)
[13:29:33] [main/INFO]: Packet Fixer 3.3.5 Fabric has been initialized!
[13:29:33] [main/INFO]: Krypton is now accelerating your Minecraft server's networking stack 🚀
[13:29:33] [main/INFO]: Environment: Environment[sessionHost=https://sessionserver.mojang.com, servicesHost=https://api.minecraftservices.com, profilesHost=https://api.mojang.com, name=PROD]
[13:29:36] [main/INFO]: Loaded 1515 recipes
[13:29:36] [main/INFO]: Loaded 1617 advancements
[13:29:36] [main/INFO]: Applied 0 biome modifications to 0 of 65 new biomes in 1.414 ms
[13:29:36] [Server thread/INFO]: Starting autonomous minecarts...
[13:29:36] [Server thread/INFO]: Loading persisted minecart tickets: ./world/./autonomous-minecarts-tickets.json
[13:29:36] [Server thread/INFO]: Autonomous minecarts started!
[13:29:36] [Server thread/INFO]: Starting minecraft server version 26.1.2
[13:29:36] [Server thread/INFO]: Loading properties
[13:29:36] [Server thread/INFO]: Default game type: SURVIVAL
[13:29:36] [Server thread/INFO]: Generating keypair
[13:29:37] [Server thread/INFO]: Starting Minecraft server on *:25565
[13:29:37] [Server thread/INFO]: Preparing level "world"
[13:29:37] [Server thread/INFO]: Enforcing safe world random access
[13:29:37] [Server thread/INFO]: [STDOUT]: Density function compilation finished in 179.5 ms
[13:29:37] [Server thread/INFO]: Using TheSpeedyObjectFactory without Unsafe
[13:29:38] [Server thread/INFO]: [STDOUT]: Density function compilation finished in 7.925 ms
[13:29:38] [Server thread/INFO]: [STDOUT]: Density function compilation finished in 4.004 ms
[13:29:38] [Server thread/INFO]: Loading 0 persistent chunks...
[13:29:38] [Server thread/INFO]: Preparing spawn area: 100%
[13:29:38] [Server thread/INFO]: Time elapsed: 62 ms
[13:29:38] [Server thread/INFO]: Done (1.042s)! For help, type "help"
[13:29:38] [Server thread/INFO]: Saving chunks for level 'ServerLevel[world]'/minecraft:overworld
[13:29:38] [Server thread/INFO]: Saving chunks for level 'ServerLevel[world]'/minecraft:the_end
[13:29:38] [Server thread/INFO]: Saving chunks for level 'ServerLevel[world]'/minecraft:the_nether
[13:29:38] [Server thread/INFO]: ThreadedAnvilChunkStorage (world): All chunks are saved
[13:29:38] [Server thread/INFO]: ThreadedAnvilChunkStorage (DIM1): All chunks are saved
[13:29:38] [Server thread/INFO]: ThreadedAnvilChunkStorage (DIM-1): All chunks are saved
[13:29:38] [Server thread/INFO]: ThreadedAnvilChunkStorage: All dimensions are saved
[13:29:38] [Server thread/INFO]: Restoring persisted chunk tickets for 0 minecarts...
[13:29:38] [Server thread/INFO]: Minecart chunk tickets restored.
[13:29:45] [Server thread/INFO]: Unknown or incomplete command. See below for error
[13:29:45] [Server thread/INFO]: so<--[HERE]
[13:29:52] [Server thread/INFO]: Unknown or incomplete command. See below for error
[13:29:52] [Server thread/INFO]: ttt oopp<--[HERE]
[13:29:57] [Server thread/INFO]: Unknown or incomplete command. See below for error
[13:29:57] [Server thread/INFO]: s<--[HERE]
[13:30:02] [Server thread/INFO]: Stopping the server
[13:30:02] [Server thread/INFO]: Stopping server
[13:30:02] [Server thread/INFO]: Saving players
[13:30:02] [Server thread/INFO]: Saving worlds
[13:30:02] [Server thread/INFO]: Saving chunks for level 'ServerLevel[world]'/minecraft:overworld
[13:30:02] [Server thread/INFO]: Saving chunks for level 'ServerLevel[world]'/minecraft:the_end
[13:30:02] [Server thread/INFO]: Saving chunks for level 'ServerLevel[world]'/minecraft:the_nether
[13:30:02] [Server thread/INFO]: ThreadedAnvilChunkStorage (world): All chunks are saved
[13:30:02] [Server thread/INFO]: ThreadedAnvilChunkStorage (DIM1): All chunks are saved
[13:30:02] [Server thread/INFO]: ThreadedAnvilChunkStorage (DIM-1): All chunks are saved
[13:30:02] [Server thread/INFO]: ThreadedAnvilChunkStorage: All dimensions are saved
[13:30:02] [C2ME Storage #2/INFO]: Storage thread Thread[#58,C2ME Storage #2,5,main] stopped
[13:30:02] [C2ME Storage #3/INFO]: Storage thread Thread[#59,C2ME Storage #3,5,main] stopped
[13:30:02] [C2ME Storage #1/INFO]: Storage thread Thread[#57,C2ME Storage #1,5,main] stopped
[13:30:02] [C2ME Storage #5/INFO]: Storage thread Thread[#61,C2ME Storage #5,5,main] stopped
[13:30:02] [C2ME Storage #6/INFO]: Storage thread Thread[#62,C2ME Storage #6,5,main] stopped
[13:30:02] [C2ME Storage #9/INFO]: Storage thread Thread[#65,C2ME Storage #9,5,main] stopped
[13:30:02] [C2ME Storage #4/INFO]: Storage thread Thread[#60,C2ME Storage #4,5,main] stopped
[13:30:02] [C2ME Storage #7/INFO]: Storage thread Thread[#63,C2ME Storage #7,5,main] stopped
[13:30:02] [C2ME Storage #8/INFO]: Storage thread Thread[#64,C2ME Storage #8,5,main] stopped
